  Source.cpp
s:\users\froze_000\desktop\contactsnew\contacts\person.h(17): warning C4996: 'strcpy': This function or variable may be unsafe. Consider using strcpy_s instead. To disable deprecation, use _CRT_SECURE_NO_WARNINGS. See online help for details.
  s:\program files (x86)\windows kits\10\include\10.0.10240.0\ucrt\string.h(119): note:  см. объявление "strcpy"
s:\users\froze_000\desktop\contactsnew\contacts\person.h(18): warning C4996: 'strcpy': This function or variable may be unsafe. Consider using strcpy_s instead. To disable deprecation, use _CRT_SECURE_NO_WARNINGS. See online help for details.
  s:\program files (x86)\windows kits\10\include\10.0.10240.0\ucrt\string.h(119): note:  см. объявление "strcpy"
s:\users\froze_000\desktop\contactsnew\contacts\person.h(19): warning C4996: 'strcpy': This function or variable may be unsafe. Consider using strcpy_s instead. To disable deprecation, use _CRT_SECURE_NO_WARNINGS. See online help for details.
  s:\program files (x86)\windows kits\10\include\10.0.10240.0\ucrt\string.h(119): note:  см. объявление "strcpy"
s:\users\froze_000\desktop\contactsnew\contacts\contact.h(24): warning C4996: 'strcpy': This function or variable may be unsafe. Consider using strcpy_s instead. To disable deprecation, use _CRT_SECURE_NO_WARNINGS. See online help for details.
  s:\program files (x86)\windows kits\10\include\10.0.10240.0\ucrt\string.h(119): note:  см. объявление "strcpy"
s:\users\froze_000\desktop\contactsnew\contacts\contact.h(25): warning C4996: 'strcpy': This function or variable may be unsafe. Consider using strcpy_s instead. To disable deprecation, use _CRT_SECURE_NO_WARNINGS. See online help for details.
  s:\program files (x86)\windows kits\10\include\10.0.10240.0\ucrt\string.h(119): note:  см. объявление "strcpy"
s:\users\froze_000\desktop\contactsnew\contacts\friend.h(14): warning C4996: 'strcpy': This function or variable may be unsafe. Consider using strcpy_s instead. To disable deprecation, use _CRT_SECURE_NO_WARNINGS. See online help for details.
  s:\program files (x86)\windows kits\10\include\10.0.10240.0\ucrt\string.h(119): note:  см. объявление "strcpy"
s:\users\froze_000\desktop\contactsnew\contacts\friend.h(15): warning C4996: 'strcpy': This function or variable may be unsafe. Consider using strcpy_s instead. To disable deprecation, use _CRT_SECURE_NO_WARNINGS. See online help for details.
  s:\program files (x86)\windows kits\10\include\10.0.10240.0\ucrt\string.h(119): note:  см. объявление "strcpy"
s:\users\froze_000\desktop\contactsnew\contacts\source.cpp(288): warning C4996: 'strcpy': This function or variable may be unsafe. Consider using strcpy_s instead. To disable deprecation, use _CRT_SECURE_NO_WARNINGS. See online help for details.
  s:\program files (x86)\windows kits\10\include\10.0.10240.0\ucrt\string.h(119): note:  см. объявление "strcpy"
s:\users\froze_000\desktop\contactsnew\contacts\source.cpp(291): warning C4996: 'strcpy': This function or variable may be unsafe. Consider using strcpy_s instead. To disable deprecation, use _CRT_SECURE_NO_WARNINGS. See online help for details.
  s:\program files (x86)\windows kits\10\include\10.0.10240.0\ucrt\string.h(119): note:  см. объявление "strcpy"
s:\users\froze_000\desktop\contactsnew\contacts\source.cpp(294): warning C4996: 'strcpy': This function or variable may be unsafe. Consider using strcpy_s instead. To disable deprecation, use _CRT_SECURE_NO_WARNINGS. See online help for details.
  s:\program files (x86)\windows kits\10\include\10.0.10240.0\ucrt\string.h(119): note:  см. объявление "strcpy"
s:\users\froze_000\desktop\contactsnew\contacts\source.cpp(297): warning C4996: 'strcpy': This function or variable may be unsafe. Consider using strcpy_s instead. To disable deprecation, use _CRT_SECURE_NO_WARNINGS. See online help for details.
  s:\program files (x86)\windows kits\10\include\10.0.10240.0\ucrt\string.h(119): note:  см. объявление "strcpy"
  Contacts.vcxproj -> S:\Users\froze_000\Desktop\ContactsNew\Debug\Contacts.exe
  Contacts.vcxproj -> S:\Users\froze_000\Desktop\ContactsNew\Debug\Contacts.pdb (Full PDB)
